<?xml version="1.0" encoding="UTF-8"?>
<testng-results ignored="0" total="2" passed="2" failed="0" skipped="0">
  <reporter-output>
  </reporter-output>
  <suite started-at="2026-05-13T18:19:58 IST" name="Default suite" finished-at="2026-05-13T18:20:36 IST" duration-ms="38414">
    <groups>
    </groups>
    <test started-at="2026-05-13T18:19:58 IST" name="Default test" finished-at="2026-05-13T18:20:36 IST" duration-ms="38414">
      <class name="tests.GoogleTestAutomation">
        <test-method is-config="true" signature="setup(java.lang.String)[pri:0, instance:tests.GoogleTestAutomation@2d1ef81a]" started-at="2026-05-13T18:19:59 IST" name="setup" finished-at="2026-05-13T18:20:09 IST" duration-ms="10567" status="PASS">
          <params>
            <param index="0">
              <value>
                <![CDATA[chrome]]>
              </value>
            </param>
          </params>
          <reporter-output>
          </reporter-output>
        </test-method> <!-- setup -->
        <test-method signature="testCase1(java.lang.String)[pri:0, instance:tests.GoogleTestAutomation@2d1ef81a]" started-at="2026-05-13T18:20:09 IST" name="testCase1" data-provider="test1" finished-at="2026-05-13T18:20:10 IST" duration-ms="672" status="PASS">
          <params>
            <param index="0">
              <value>
                <![CDATA[Selenium]]>
              </value>
            </param>
          </params>
          <reporter-output>
          </reporter-output>
        </test-method> <!-- testCase1 -->
        <test-method is-config="true" signature="tearDown()[pri:0, instance:tests.GoogleTestAutomation@2d1ef81a]" started-at="2026-05-13T18:20:10 IST" name="tearDown" finished-at="2026-05-13T18:20:18 IST" duration-ms="8513" status="PASS">
          <reporter-output>
          </reporter-output>
        </test-method> <!-- tearDown -->
        <test-method is-config="true" signature="setup(java.lang.String)[pri:0, instance:tests.GoogleTestAutomation@2d1ef81a]" started-at="2026-05-13T18:20:18 IST" name="setup" finished-at="2026-05-13T18:20:28 IST" duration-ms="9944" status="PASS">
          <params>
            <param index="0">
              <value>
                <![CDATA[chrome]]>
              </value>
            </param>
          </params>
          <reporter-output>
          </reporter-output>
        </test-method> <!-- setup -->
        <test-method signature="testCase1(java.lang.String)[pri:0, instance:tests.GoogleTestAutomation@2d1ef81a]" started-at="2026-05-13T18:20:28 IST" name="testCase1" data-provider="test1" finished-at="2026-05-13T18:20:29 IST" duration-ms="508" status="PASS">
          <params>
            <param index="0">
              <value>
                <![CDATA[Boss]]>
              </value>
            </param>
          </params>
          <reporter-output>
          </reporter-output>
        </test-method> <!-- testCase1 -->
        <test-method is-config="true" signature="tearDown()[pri:0, instance:tests.GoogleTestAutomation@2d1ef81a]" started-at="2026-05-13T18:20:29 IST" name="tearDown" finished-at="2026-05-13T18:20:36 IST" duration-ms="7290" status="PASS">
          <reporter-output>
          </reporter-output>
        </test-method> <!-- tearDown -->
      </class> <!-- tests.GoogleTestAutomation -->
    </test> <!-- Default test -->
  </suite> <!-- Default suite -->
</testng-results>
